{"/home/ray/Documents/Javascript/theodinproject (Tuto)/TestingBasics/functions2test.js": {"path":"/home/ray/Documents/Javascript/theodinproject (Tuto)/TestingBasics/functions2test.js","statementMap":{"0":{"start":{"line":1,"column":19},"end":{"line":3,"column":1}},"1":{"start":{"line":2,"column":4},"end":{"line":2,"column":28}},"2":{"start":{"line":5,"column":22},"end":{"line":7,"column":1}},"3":{"start":{"line":6,"column":4},"end":{"line":6,"column":43}},"4":{"start":{"line":9,"column":19},"end":{"line":14,"column":1}},"5":{"start":{"line":10,"column":19},"end":{"line":10,"column":24}},"6":{"start":{"line":11,"column":24},"end":{"line":11,"column":29}},"7":{"start":{"line":12,"column":22},"end":{"line":12,"column":27}},"8":{"start":{"line":13,"column":24},"end":{"line":13,"column":29}},"9":{"start":{"line":16,"column":21},"end":{"line":28,"column":1}},"10":{"start":{"line":17,"column":17},"end":{"line":17,"column":30}},"11":{"start":{"line":18,"column":4},"end":{"line":26,"column":6}},"12":{"start":{"line":19,"column":21},"end":{"line":19,"column":38}},"13":{"start":{"line":20,"column":8},"end":{"line":25,"column":9}},"14":{"start":{"line":21,"column":12},"end":{"line":21,"column":79}},"15":{"start":{"line":23,"column":13},"end":{"line":25,"column":9}},"16":{"start":{"line":24,"column":12},"end":{"line":24,"column":79}},"17":{"start":{"line":27,"column":4},"end":{"line":27,"column":27}},"18":{"start":{"line":30,"column":0},"end":{"line":35,"column":2}}},"fnMap":{"0":{"name":"(anonymous_0)","decl":{"start":{"line":1,"column":19},"end":{"line":1,"column":20}},"loc":{"start":{"line":1,"column":33},"end":{"line":3,"column":1}},"line":1},"1":{"name":"(anonymous_1)","decl":{"start":{"line":5,"column":22},"end":{"line":5,"column":23}},"loc":{"start":{"line":5,"column":36},"end":{"line":7,"column":1}},"line":5},"2":{"name":"(anonymous_2)","decl":{"start":{"line":10,"column":9},"end":{"line":10,"column":10}},"loc":{"start":{"line":10,"column":19},"end":{"line":10,"column":24}},"line":10},"3":{"name":"(anonymous_3)","decl":{"start":{"line":11,"column":14},"end":{"line":11,"column":15}},"loc":{"start":{"line":11,"column":24},"end":{"line":11,"column":29}},"line":11},"4":{"name":"(anonymous_4)","decl":{"start":{"line":12,"column":12},"end":{"line":12,"column":13}},"loc":{"start":{"line":12,"column":22},"end":{"line":12,"column":27}},"line":12},"5":{"name":"(anonymous_5)","decl":{"start":{"line":13,"column":14},"end":{"line":13,"column":15}},"loc":{"start":{"line":13,"column":24},"end":{"line":13,"column":29}},"line":13},"6":{"name":"(anonymous_6)","decl":{"start":{"line":16,"column":21},"end":{"line":16,"column":22}},"loc":{"start":{"line":16,"column":42},"end":{"line":28,"column":1}},"line":16},"7":{"name":"(anonymous_7)","decl":{"start":{"line":18,"column":19},"end":{"line":18,"column":20}},"loc":{"start":{"line":18,"column":37},"end":{"line":26,"column":5}},"line":18}},"branchMap":{"0":{"loc":{"start":{"line":20,"column":8},"end":{"line":25,"column":9}},"type":"if","locations":[{"start":{"line":20,"column":8},"end":{"line":25,"column":9}},{"start":{"line":23,"column":13},"end":{"line":25,"column":9}}],"line":20},"1":{"loc":{"start":{"line":20,"column":12},"end":{"line":20,"column":36}},"type":"binary-expr","locations":[{"start":{"line":20,"column":12},"end":{"line":20,"column":22}},{"start":{"line":20,"column":26},"end":{"line":20,"column":36}}],"line":20},"2":{"loc":{"start":{"line":23,"column":13},"end":{"line":25,"column":9}},"type":"if","locations":[{"start":{"line":23,"column":13},"end":{"line":25,"column":9}},{"start":{},"end":{}}],"line":23},"3":{"loc":{"start":{"line":23,"column":17},"end":{"line":23,"column":42}},"type":"binary-expr","locations":[{"start":{"line":23,"column":17},"end":{"line":23,"column":28}},{"start":{"line":23,"column":32},"end":{"line":23,"column":42}}],"line":23}},"s":{"0":1,"1":4,"2":1,"3":2,"4":1,"5":1,"6":1,"7":1,"8":1,"9":1,"10":3,"11":3,"12":21,"13":21,"14":5,"15":16,"16":13,"17":3,"18":1},"f":{"0":4,"1":2,"2":1,"3":1,"4":1,"5":1,"6":3,"7":21},"b":{"0":[5,16],"1":[21,8],"2":[13,3],"3":[16,16]},"_coverageSchema":"1a1c01bbd47fc00a2c39e90264f33305004495a9","hash":"8be1984b10c80f7cbf498a1c134efe3b4c88b4da"}
}
