TN:
SF:functions2test.js
FN:1,(anonymous_0)
FN:5,(anonymous_1)
FN:10,(anonymous_2)
FN:11,(anonymous_3)
FN:12,(anonymous_4)
FN:13,(anonymous_5)
FN:16,(anonymous_6)
FN:18,(anonymous_7)
FNF:8
FNH:8
FNDA:4,(anonymous_0)
FNDA:2,(anonymous_1)
FNDA:1,(anonymous_2)
FNDA:1,(anonymous_3)
FNDA:1,(anonymous_4)
FNDA:1,(anonymous_5)
FNDA:3,(anonymous_6)
FNDA:21,(anonymous_7)
DA:1,1
DA:2,4
DA:5,1
DA:6,2
DA:9,1
DA:10,1
DA:11,1
DA:12,1
DA:13,1
DA:16,1
DA:17,3
DA:18,3
DA:19,21
DA:20,21
DA:21,5
DA:23,16
DA:24,13
DA:27,3
DA:30,1
LF:19
LH:19
BRDA:20,0,0,5
BRDA:20,0,1,16
BRDA:20,1,0,21
BRDA:20,1,1,8
BRDA:23,2,0,13
BRDA:23,2,1,3
BRDA:23,3,0,16
BRDA:23,3,1,16
BRF:8
BRH:8
end_of_record
